\BOOKMARK [1][-]{section.1}{Introduction}{}% 1
\BOOKMARK [1][-]{section.2}{Methods}{}% 2
\BOOKMARK [2][-]{subsection.2.1}{Multiple Linear Regression}{section.2}% 3
\BOOKMARK [3][-]{subsubsection.2.1.1}{Ordinary Least Squares \(OLS\)}{subsection.2.1}% 4
\BOOKMARK [2][-]{subsection.2.2}{Shrinkage methods}{section.2}% 5
\BOOKMARK [3][-]{subsubsection.2.2.1}{Ridge Regression}{subsection.2.2}% 6
\BOOKMARK [3][-]{subsubsection.2.2.2}{Lasso Regression}{subsection.2.2}% 7
\BOOKMARK [2][-]{subsection.2.3}{Re-sampling procedure: k-Fold Cross-Validation}{section.2}% 8
\BOOKMARK [2][-]{subsection.2.4}{Model evaluation}{section.2}% 9
\BOOKMARK [3][-]{subsubsection.2.4.1}{Bias Variance trade-off}{subsection.2.4}% 10
\BOOKMARK [2][-]{subsection.2.5}{Franke's function}{section.2}% 11
\BOOKMARK [2][-]{subsection.2.6}{Code implementation}{section.2}% 12
\BOOKMARK [3][-]{subsubsection.2.6.1}{Initial evaluation of OLS implementation}{subsection.2.6}% 13
\BOOKMARK [3][-]{subsubsection.2.6.2}{Test of k-Fold Cross Validation implementation}{subsection.2.6}% 14
\BOOKMARK [3][-]{subsubsection.2.6.3}{Bias-Variance trade-off}{subsection.2.6}% 15
\BOOKMARK [1][-]{section.3}{Results}{}% 16
\BOOKMARK [2][-]{subsection.3.1}{OLS implementation}{section.3}% 17
\BOOKMARK [2][-]{subsection.3.2}{Test of k-Fold Cross Validation implementation}{section.3}% 18
\BOOKMARK [2][-]{subsection.3.3}{Bias-Variance}{section.3}% 19
\BOOKMARK [1][-]{section.4}{Discussion of results}{}% 20
\BOOKMARK [2][-]{subsection.4.1}{OLS implementation}{section.4}% 21
\BOOKMARK [2][-]{subsection.4.2}{k-Fold CV}{section.4}% 22
\BOOKMARK [2][-]{subsection.4.3}{Bias-Variance}{section.4}% 23
\BOOKMARK [2][-]{subsection.4.4}{Conclusions}{section.4}% 24
\BOOKMARK [1][-]{section*.6}{References}{}% 25
\BOOKMARK [1][-]{section*.7}{Appendices}{}% 26
